2024-01-04T05:24:55.325+09:00  INFO 15068 --- [main] p.pxt.mbo.pokedex.PokedexApplication     : Starting PokedexApplication using Java 20.0.1 with PID 15068 (C:\Users\hirot\Desktop\react-3-apps\pokemon-app\pokedex\build\classes\java\main started by hirot in C:\Users\hirot\Desktop\react-3-apps\pokemon-app\pokedex)
2024-01-04T05:24:55.330+09:00  INFO 15068 --- [main] p.pxt.mbo.pokedex.PokedexApplication     : No active profile set, falling back to 1 default profile: "default"
2024-01-04T05:24:56.310+09:00  INFO 15068 --- [main] .s.d.r.c.RepositoryConfigurationDelegate : Bootstrapping Spring Data JPA repositories in DEFAULT mode.
2024-01-04T05:24:56.345+09:00  INFO 15068 --- [main] .s.d.r.c.RepositoryConfigurationDelegate : Finished Spring Data repository scanning in 21 ms. Found 0 JPA repository interfaces.
2024-01-04T05:25:01.414+09:00  INFO 20940 --- [main] p.p.mbo.pokedex.PokedexApplicationTests  : Starting PokedexApplicationTests using Java 20.0.1 with PID 20940 (C:\Users\hirot\Desktop\react-3-apps\pokemon-app\pokedex\build\classes\java\test started by hirot in C:\Users\hirot\Desktop\react-3-apps\pokemon-app\pokedex)
2024-01-04T05:25:01.416+09:00  INFO 20940 --- [main] p.p.mbo.pokedex.PokedexApplicationTests  : No active profile set, falling back to 1 default profile: "default"
2024-01-04T05:25:02.193+09:00  INFO 20940 --- [main] .s.d.r.c.RepositoryConfigurationDelegate : Bootstrapping Spring Data JPA repositories in DEFAULT mode.
2024-01-04T05:25:02.216+09:00  INFO 20940 --- [main] .s.d.r.c.RepositoryConfigurationDelegate : Finished Spring Data repository scanning in 15 ms. Found 0 JPA repository interfaces.
2024-01-04T05:48:05.087+09:00  INFO 28440 --- [main] p.pxt.mbo.pokedex.PokedexApplication     : Starting PokedexApplication using Java 20.0.1 with PID 28440 (C:\Users\hirot\Desktop\react-3-apps\pokemon-app\pokedex\build\classes\java\main started by hirot in C:\Users\hirot\Desktop\react-3-apps\pokemon-app\pokedex)
2024-01-04T05:48:05.090+09:00  INFO 28440 --- [main] p.pxt.mbo.pokedex.PokedexApplication     : No active profile set, falling back to 1 default profile: "default"
2024-01-04T05:48:06.078+09:00  INFO 28440 --- [main] .s.d.r.c.RepositoryConfigurationDelegate : Bootstrapping Spring Data JPA repositories in DEFAULT mode.
2024-01-04T05:48:06.111+09:00  INFO 28440 --- [main] .s.d.r.c.RepositoryConfigurationDelegate : Finished Spring Data repository scanning in 21 ms. Found 0 JPA repository interfaces.
2024-01-04T05:48:12.242+09:00  INFO 5232 --- [main] p.p.mbo.pokedex.PokedexApplicationTests  : Starting PokedexApplicationTests using Java 20.0.1 with PID 5232 (C:\Users\hirot\Desktop\react-3-apps\pokemon-app\pokedex\build\classes\java\test started by hirot in C:\Users\hirot\Desktop\react-3-apps\pokemon-app\pokedex)
2024-01-04T05:48:12.245+09:00  INFO 5232 --- [main] p.p.mbo.pokedex.PokedexApplicationTests  : No active profile set, falling back to 1 default profile: "default"
2024-01-04T05:48:13.272+09:00  INFO 5232 --- [main] .s.d.r.c.RepositoryConfigurationDelegate : Bootstrapping Spring Data JPA repositories in DEFAULT mode.
2024-01-04T05:48:13.311+09:00  INFO 5232 --- [main] .s.d.r.c.RepositoryConfigurationDelegate : Finished Spring Data repository scanning in 26 ms. Found 0 JPA repository interfaces.
2024-01-04T05:50:45.262+09:00  INFO 18008 --- [main] p.pxt.mbo.pokedex.PokedexApplication     : Starting PokedexApplication using Java 20.0.1 with PID 18008 (C:\Users\hirot\Desktop\react-3-apps\pokemon-app\pokedex\build\classes\java\main started by hirot in C:\Users\hirot\Desktop\react-3-apps\pokemon-app\pokedex)
2024-01-04T05:50:45.265+09:00  INFO 18008 --- [main] p.pxt.mbo.pokedex.PokedexApplication     : No active profile set, falling back to 1 default profile: "default"
2024-01-04T05:50:46.234+09:00  INFO 18008 --- [main] .s.d.r.c.RepositoryConfigurationDelegate : Bootstrapping Spring Data JPA repositories in DEFAULT mode.
2024-01-04T05:50:46.263+09:00  INFO 18008 --- [main] .s.d.r.c.RepositoryConfigurationDelegate : Finished Spring Data repository scanning in 18 ms. Found 0 JPA repository interfaces.
2024-01-04T05:50:50.972+09:00  INFO 12256 --- [main] p.p.mbo.pokedex.PokedexApplicationTests  : Starting PokedexApplicationTests using Java 20.0.1 with PID 12256 (C:\Users\hirot\Desktop\react-3-apps\pokemon-app\pokedex\build\classes\java\test started by hirot in C:\Users\hirot\Desktop\react-3-apps\pokemon-app\pokedex)
2024-01-04T05:50:50.974+09:00  INFO 12256 --- [main] p.p.mbo.pokedex.PokedexApplicationTests  : No active profile set, falling back to 1 default profile: "default"
2024-01-04T05:50:51.745+09:00  INFO 12256 --- [main] .s.d.r.c.RepositoryConfigurationDelegate : Bootstrapping Spring Data JPA repositories in DEFAULT mode.
2024-01-04T05:50:51.766+09:00  INFO 12256 --- [main] .s.d.r.c.RepositoryConfigurationDelegate : Finished Spring Data repository scanning in 13 ms. Found 0 JPA repository interfaces.
2024-01-04T05:54:13.507+09:00  INFO 15912 --- [main] p.pxt.mbo.pokedex.PokedexApplication     : Starting PokedexApplication using Java 20.0.1 with PID 15912 (C:\Users\hirot\Desktop\react-3-apps\pokemon-app\pokedex\build\classes\java\main started by hirot in C:\Users\hirot\Desktop\react-3-apps\pokemon-app\pokedex)
2024-01-04T05:54:13.510+09:00  INFO 15912 --- [main] p.pxt.mbo.pokedex.PokedexApplication     : No active profile set, falling back to 1 default profile: "default"
2024-01-04T05:54:14.325+09:00  INFO 15912 --- [main] .s.d.r.c.RepositoryConfigurationDelegate : Bootstrapping Spring Data JPA repositories in DEFAULT mode.
2024-01-04T05:54:14.357+09:00  INFO 15912 --- [main] .s.d.r.c.RepositoryConfigurationDelegate : Finished Spring Data repository scanning in 20 ms. Found 0 JPA repository interfaces.
2024-01-04T05:54:20.132+09:00  INFO 22116 --- [main] p.p.mbo.pokedex.PokedexApplicationTests  : Starting PokedexApplicationTests using Java 20.0.1 with PID 22116 (C:\Users\hirot\Desktop\react-3-apps\pokemon-app\pokedex\build\classes\java\test started by hirot in C:\Users\hirot\Desktop\react-3-apps\pokemon-app\pokedex)
2024-01-04T05:54:20.134+09:00  INFO 22116 --- [main] p.p.mbo.pokedex.PokedexApplicationTests  : No active profile set, falling back to 1 default profile: "default"
2024-01-04T05:54:20.950+09:00  INFO 22116 --- [main] .s.d.r.c.RepositoryConfigurationDelegate : Bootstrapping Spring Data JPA repositories in DEFAULT mode.
2024-01-04T05:54:20.979+09:00  INFO 22116 --- [main] .s.d.r.c.RepositoryConfigurationDelegate : Finished Spring Data repository scanning in 19 ms. Found 0 JPA repository interfaces.
2024-01-04T06:02:48.710+09:00  INFO 18372 --- [main] p.pxt.mbo.pokedex.PokedexApplication     : Starting PokedexApplication using Java 20.0.1 with PID 18372 (C:\Users\hirot\Desktop\react-3-apps\pokemon-app\pokedex\build\classes\java\main started by hirot in C:\Users\hirot\Desktop\react-3-apps\pokemon-app\pokedex)
2024-01-04T06:02:48.715+09:00  INFO 18372 --- [main] p.pxt.mbo.pokedex.PokedexApplication     : No active profile set, falling back to 1 default profile: "default"
2024-01-04T06:02:49.569+09:00  INFO 18372 --- [main] .s.d.r.c.RepositoryConfigurationDelegate : Bootstrapping Spring Data JPA repositories in DEFAULT mode.
2024-01-04T06:02:49.598+09:00  INFO 18372 --- [main] .s.d.r.c.RepositoryConfigurationDelegate : Finished Spring Data repository scanning in 19 ms. Found 0 JPA repository interfaces.
2024-01-04T06:02:54.010+09:00  INFO 25536 --- [main] p.p.mbo.pokedex.PokedexApplicationTests  : Starting PokedexApplicationTests using Java 20.0.1 with PID 25536 (C:\Users\hirot\Desktop\react-3-apps\pokemon-app\pokedex\build\classes\java\test started by hirot in C:\Users\hirot\Desktop\react-3-apps\pokemon-app\pokedex)
2024-01-04T06:02:54.011+09:00  INFO 25536 --- [main] p.p.mbo.pokedex.PokedexApplicationTests  : No active profile set, falling back to 1 default profile: "default"
2024-01-04T06:02:54.804+09:00  INFO 25536 --- [main] .s.d.r.c.RepositoryConfigurationDelegate : Bootstrapping Spring Data JPA repositories in DEFAULT mode.
2024-01-04T06:02:54.833+09:00  INFO 25536 --- [main] .s.d.r.c.RepositoryConfigurationDelegate : Finished Spring Data repository scanning in 18 ms. Found 0 JPA repository interfaces.
